This is pdfTeX, Version 3.1415926-2.5-1.40.14 (TeX Live 2013/Debian) (format=pdflatex 2015.10.29)  23 NOV 2015 15:44
entering extended mode
 restricted \write18 enabled.
 file:line:error style messages enabled.
 %&-line parsing enabled.
**paper.tex
(./paper.tex
LaTeX2e <2011/06/27>
Babel <3.9h> and hyphenation patterns for 78 languages loaded.
(/usr/share/texlive/texmf-dist/tex/latex/base/article.cls
Document Class: article 2007/10/19 v1.4h Standard LaTeX document class
(/usr/share/texlive/texmf-dist/tex/latex/base/size11.clo
File: size11.clo 2007/10/19 v1.4h Standard LaTeX file (size option)
)
\c@part=\count79
\c@section=\count80
\c@subsection=\count81
\c@subsubsection=\count82
\c@paragraph=\count83
\c@subparagraph=\count84
\c@figure=\count85
\c@table=\count86
\abovecaptionskip=\skip41
\belowcaptionskip=\skip42
\bibindent=\dimen102
)
(/usr/share/texlive/texmf-dist/tex/latex/geometry/geometry.sty
Package: geometry 2010/09/12 v5.6 Page Geometry

(/usr/share/texlive/texmf-dist/tex/latex/graphics/keyval.sty
Package: keyval 1999/03/16 v1.13 key=value parser (DPC)
\KV@toks@=\toks14
)
(/usr/share/texlive/texmf-dist/tex/generic/oberdiek/ifpdf.sty
Package: ifpdf 2011/01/30 v2.3 Provides the ifpdf switch (HO)
Package ifpdf Info: pdfTeX in PDF mode is detected.
)
(/usr/share/texlive/texmf-dist/tex/generic/oberdiek/ifvtex.sty
Package: ifvtex 2010/03/01 v1.5 Detect VTeX and its facilities (HO)
Package ifvtex Info: VTeX not detected.
)
(/usr/share/texlive/texmf-dist/tex/generic/ifxetex/ifxetex.sty
Package: ifxetex 2010/09/12 v0.6 Provides ifxetex conditional
)
\Gm@cnth=\count87
\Gm@cntv=\count88
\c@Gm@tempcnt=\count89
\Gm@bindingoffset=\dimen103
\Gm@wd@mp=\dimen104
\Gm@odd@mp=\dimen105
\Gm@even@mp=\dimen106
\Gm@layoutwidth=\dimen107
\Gm@layoutheight=\dimen108
\Gm@layouthoffset=\dimen109
\Gm@layoutvoffset=\dimen110
\Gm@dimlist=\toks15
) (./paper.aux)
\openout1 = `paper.aux'.

LaTeX Font Info:    Checking defaults for OML/cmm/m/it on input line 9.
LaTeX Font Info:    ... okay on input line 9.
LaTeX Font Info:    Checking defaults for T1/cmr/m/n on input line 9.
LaTeX Font Info:    ... okay on input line 9.
LaTeX Font Info:    Checking defaults for OT1/cmr/m/n on input line 9.
LaTeX Font Info:    ... okay on input line 9.
LaTeX Font Info:    Checking defaults for OMS/cmsy/m/n on input line 9.
LaTeX Font Info:    ... okay on input line 9.
LaTeX Font Info:    Checking defaults for OMX/cmex/m/n on input line 9.
LaTeX Font Info:    ... okay on input line 9.
LaTeX Font Info:    Checking defaults for U/cmr/m/n on input line 9.
LaTeX Font Info:    ... okay on input line 9.

*geometry* driver: auto-detecting
*geometry* detected driver: pdftex
*geometry* verbose mode - [ preamble ] result:
* driver: pdftex
* paper: <default>
* layout: <same size as paper>
* layoutoffset:(h,v)=(0.0pt,0.0pt)
* modes: 
* h-part:(L,W,R)=(92.14519pt, 430.00462pt, 92.14519pt)
* v-part:(T,H,B)=(95.39737pt, 556.47656pt, 143.09605pt)
* \paperwidth=614.295pt
* \paperheight=794.96999pt
* \textwidth=430.00462pt
* \textheight=556.47656pt
* \oddsidemargin=19.8752pt
* \evensidemargin=19.8752pt
* \topmargin=-13.87262pt
* \headheight=12.0pt
* \headsep=25.0pt
* \topskip=11.0pt
* \footskip=30.0pt
* \marginparwidth=59.0pt
* \marginparsep=10.0pt
* \columnsep=10.0pt
* \skip\footins=10.0pt plus 4.0pt minus 2.0pt
* \hoffset=0.0pt
* \voffset=0.0pt
* \mag=1000
* \@twocolumnfalse
* \@twosidefalse
* \@mparswitchfalse
* \@reversemarginfalse
* (1in=72.27pt=25.4mm, 1cm=28.453pt)

LaTeX Font Info:    External font `cmex10' loaded for size
(Font)              <12> on input line 10.
LaTeX Font Info:    External font `cmex10' loaded for size
(Font)              <8> on input line 10.
LaTeX Font Info:    External font `cmex10' loaded for size
(Font)              <6> on input line 10.

LaTeX Warning: No \author given.

(./paper.toc
LaTeX Font Info:    External font `cmex10' loaded for size
(Font)              <10.95> on input line 4.

Overfull \hbox (9.85753pt too wide) in paragraph at lines 5--5
 [][] []\OT1/cmr/m/n/10.95 behaviour with nor-mal sdn l2[]learning switch and w
ith arpresponder-host[]tracker []  
 []

)
\tf@toc=\write3
\openout3 = `paper.toc'.

LaTeX Font Info:    Try loading font information for OT1+lmtt on input line 20.

 (/usr/share/texmf/tex/latex/lm/ot1lmtt.fd
File: ot1lmtt.fd 2009/10/30 v1.6 Font defs for Latin Modern
) [1

{/var/lib/texmf/fonts/map/pdftex/updmap/pdftex.map}] [2]
Overfull \hbox (1.24017pt too wide) in paragraph at lines 39--39
[]\OT1/cmr/bx/n/12 behaviour with nor-mal sdn l2[]learning switch and with arpr
esponder-
 []

[3]
Overfull \hbox (35.19402pt too wide) in paragraph at lines 52--53
[]\OT1/lmtt/m/n/10.95 cookie=0x0, duration=211.220s, table=0, n[]packets=0, n[]
bytes=0, idle[]age=211,
 []


Overfull \hbox (17.94781pt too wide) in paragraph at lines 52--53
\OT1/lmtt/m/n/10.95 priority=28672, arp, dl[]src=00:11:22:33:44:55, arp[]spa=10
.0.0.100,arp[]op=1
 []


Underfull \hbox (badness 10000) in paragraph at lines 52--53

 []


Overfull \hbox (35.19402pt too wide) in paragraph at lines 55--56
[]\OT1/lmtt/m/n/10.95 cookie=0x0, duration=211.180s, table=0, n[]packets=0, n[]
bytes=0, idle[]age=211,
 []


Overfull \hbox (23.69655pt too wide) in paragraph at lines 55--56
\OT1/lmtt/m/n/10.95 priority=28672, arp, dl[]dst=00:11:22:33:44:55, arp[]tpa=10
.0.0.100, arp[]op=2
 []


Underfull \hbox (badness 10000) in paragraph at lines 55--56

 []

[4]
Overfull \hbox (35.19402pt too wide) in paragraph at lines 58--59
[]\OT1/lmtt/m/n/10.95 cookie=0x0, duration=211.180s, table=0, n[]packets=0, n[]
bytes=0, idle[]age=211,
 []


Underfull \hbox (badness 10000) in paragraph at lines 58--59

 []


Overfull \hbox (35.19402pt too wide) in paragraph at lines 61--62
[]\OT1/lmtt/m/n/10.95 cookie=0x0, duration=211.180s, table=0, n[]packets=0, n[]
bytes=0, idle[]age=211,
 []


Underfull \hbox (badness 10000) in paragraph at lines 61--62

 []

[5]
Underfull \hbox (badness 10000) in paragraph at lines 75--77

 []

[6]
Overfull \hbox (13.0025pt too wide) in paragraph at lines 86--90
\OT1/cmr/m/n/10.95 in both cpu con-sump-tion and time de-lay, and the same per-
for-mances in case also arp[]responder
 []

[7] (./paper.aux) ) 
Here is how much of TeX's memory you used:
 805 strings out of 493304
 10994 string characters out of 6139870
 73719 words of memory out of 5000000
 4311 multiletter control sequences out of 15000+600000
 9429 words of font info for 33 fonts, out of 8000000 for 9000
 957 hyphenation exceptions out of 8191
 23i,6n,19p,1147b,195s stack positions out of 5000i,500n,10000p,200000b,80000s
{/usr/share/texmf/fonts/enc/dvips/lm/lm-rmtt.enc}</usr/share
/texlive/texmf-dist/fonts/type1/public/amsfonts/cm/cmbx10.pfb></usr/share/texli
ve/texmf-dist/fonts/type1/public/amsfonts/cm/cmbx12.pfb></usr/share/texlive/tex
mf-dist/fonts/type1/public/amsfonts/cm/cmr10.pfb></usr/share/texmf/fonts/type1/
public/lm/lmtt10.pfb>
Output written on paper.pdf (7 pages, 101647 bytes).
PDF statistics:
 45 PDF objects out of 1000 (max. 8388607)
 31 compressed objects within 1 object stream
 0 named destinations out of 1000 (max. 500000)
 1 words of extra memory for PDF output out of 10000 (max. 10000000)

